<?xml version="1.0" encoding="UTF-8"?>
<testng-results ignored="0" total="0" passed="0" failed="0" skipped="0">
  <reporter-output>
  </reporter-output>
  <suite started-at="2025-07-05T17:54:24 IST" name="CloudConsole Test Suite" finished-at="2025-07-05T17:54:40 IST" duration-ms="15484">
    <groups>
      <group name="Regression">
        <method signature="TC01_Login_Class_Page.LoginOnCloudConsole()[pri:1, instance:test_Cases_Class.TC01_Login_Class_Page@7db0565c]" name="LoginOnCloudConsole" class="test_Cases_Class.TC01_Login_Class_Page"/>
        <method signature="TC06_Application_Page.applicationpage()[pri:1, instance:test_Cases_Class.TC06_Application_Page@32f61a31]" name="applicationpage" class="test_Cases_Class.TC06_Application_Page"/>
        <method signature="TC06_Application_Page.installapps()[pri:2, instance:test_Cases_Class.TC06_Application_Page@32f61a31]" name="installapps" class="test_Cases_Class.TC06_Application_Page"/>
        <method signature="TC06_Application_Page.uninstallsameapps()[pri:3, instance:test_Cases_Class.TC06_Application_Page@32f61a31]" name="uninstallsameapps" class="test_Cases_Class.TC06_Application_Page"/>
        <method signature="TC06_Application_Page.CustomApp()[pri:4, instance:test_Cases_Class.TC06_Application_Page@32f61a31]" name="CustomApp" class="test_Cases_Class.TC06_Application_Page"/>
        <method signature="TC06_Application_Page.CustomAppUninstallation()[pri:5, instance:test_Cases_Class.TC06_Application_Page@32f61a31]" name="CustomAppUninstallation" class="test_Cases_Class.TC06_Application_Page"/>
        <method signature="TC06_Application_Page.deleteCustomApp()[pri:6, instance:test_Cases_Class.TC06_Application_Page@32f61a31]" name="deleteCustomApp" class="test_Cases_Class.TC06_Application_Page"/>
        <method signature="TC06_Application_Page.CreateCustomScript()[pri:7, instance:test_Cases_Class.TC06_Application_Page@32f61a31]" name="CreateCustomScript" class="test_Cases_Class.TC06_Application_Page"/>
        <method signature="TC06_Application_Page.InstallCustomScript()[pri:8, instance:test_Cases_Class.TC06_Application_Page@32f61a31]" name="InstallCustomScript" class="test_Cases_Class.TC06_Application_Page"/>
        <method signature="TC06_Application_Page.deleteCustomScript()[pri:9, instance:test_Cases_Class.TC06_Application_Page@32f61a31]" name="deleteCustomScript" class="test_Cases_Class.TC06_Application_Page"/>
      </group> <!-- Regression -->
      <group name="smoke">
        <method signature="TC01_Login_Class_Page.LoginOnCloudConsole()[pri:1, instance:test_Cases_Class.TC01_Login_Class_Page@7db0565c]" name="LoginOnCloudConsole" class="test_Cases_Class.TC01_Login_Class_Page"/>
        <method signature="TC06_Application_Page.applicationpage()[pri:1, instance:test_Cases_Class.TC06_Application_Page@32f61a31]" name="applicationpage" class="test_Cases_Class.TC06_Application_Page"/>
        <method signature="TC06_Application_Page.installapps()[pri:2, instance:test_Cases_Class.TC06_Application_Page@32f61a31]" name="installapps" class="test_Cases_Class.TC06_Application_Page"/>
        <method signature="TC06_Application_Page.uninstallsameapps()[pri:3, instance:test_Cases_Class.TC06_Application_Page@32f61a31]" name="uninstallsameapps" class="test_Cases_Class.TC06_Application_Page"/>
        <method signature="TC06_Application_Page.CustomApp()[pri:4, instance:test_Cases_Class.TC06_Application_Page@32f61a31]" name="CustomApp" class="test_Cases_Class.TC06_Application_Page"/>
        <method signature="TC06_Application_Page.CustomAppUninstallation()[pri:5, instance:test_Cases_Class.TC06_Application_Page@32f61a31]" name="CustomAppUninstallation" class="test_Cases_Class.TC06_Application_Page"/>
        <method signature="TC06_Application_Page.deleteCustomApp()[pri:6, instance:test_Cases_Class.TC06_Application_Page@32f61a31]" name="deleteCustomApp" class="test_Cases_Class.TC06_Application_Page"/>
        <method signature="TC06_Application_Page.CreateCustomScript()[pri:7, instance:test_Cases_Class.TC06_Application_Page@32f61a31]" name="CreateCustomScript" class="test_Cases_Class.TC06_Application_Page"/>
        <method signature="TC06_Application_Page.InstallCustomScript()[pri:8, instance:test_Cases_Class.TC06_Application_Page@32f61a31]" name="InstallCustomScript" class="test_Cases_Class.TC06_Application_Page"/>
        <method signature="TC06_Application_Page.deleteCustomScript()[pri:9, instance:test_Cases_Class.TC06_Application_Page@32f61a31]" name="deleteCustomScript" class="test_Cases_Class.TC06_Application_Page"/>
      </group> <!-- smoke -->
    </groups>
    <test started-at="2025-07-05T17:54:24 IST" name="Chrome Test Execution" finished-at="2025-07-05T17:54:40 IST" duration-ms="15484">
      <class name="test_Cases_Class.TC01_Login_Class_Page">
        <test-method is-config="true" signature="setup(java.lang.String,java.lang.String)[pri:0, instance:test_Cases_Class.TC01_Login_Class_Page@7db0565c]" started-at="2025-07-05T17:54:25 IST" name="setup" finished-at="2025-07-05T17:54:39 IST" duration-ms="14141" status="PASS">
          <params>
            <param index="0">
              <value>
                <![CDATA[Windows]]>
              </value>
            </param>
            <param index="1">
              <value>
                <![CDATA[chrome]]>
              </value>
            </param>
          </params>
          <reporter-output>
          </reporter-output>
        </test-method> <!-- setup -->
        <test-method is-config="true" signature="tearDown()[pri:0, instance:test_Cases_Class.TC01_Login_Class_Page@7db0565c]" started-at="2025-07-05T17:54:39 IST" name="tearDown" finished-at="2025-07-05T17:54:40 IST" duration-ms="947" status="PASS">
          <reporter-output>
          </reporter-output>
        </test-method> <!-- tearDown -->
      </class> <!-- test_Cases_Class.TC01_Login_Class_Page -->
    </test> <!-- Chrome Test Execution -->
  </suite> <!-- CloudConsole Test Suite -->
</testng-results>
