<?xml version="1.0" encoding="UTF-8"?>
<testng-results ignored="0" total="1" passed="1" failed="0" skipped="0">
  <reporter-output>
  </reporter-output>
  <suite started-at="2025-07-04T17:46:36 IST" name="Suite" finished-at="2025-07-04T17:46:39 IST" duration-ms="2543">
    <groups>
    </groups>
    <test started-at="2025-07-04T17:46:36 IST" name="chrome" finished-at="2025-07-04T17:46:39 IST" duration-ms="2543">
      <class name="test_Cases_Class.Vbox_Lounch">
        <test-method is-config="true" signature="setup(java.lang.String,java.lang.String)[pri:0, instance:test_Cases_Class.Vbox_Lounch@7728643a]" started-at="2025-07-04T17:46:36 IST" name="setup" finished-at="2025-07-04T17:46:38 IST" duration-ms="1989" status="PASS">
          <params>
            <param index="0">
              <value>
                <![CDATA[Windows]]>
              </value>
            </param>
            <param index="1">
              <value>
                <![CDATA[chrome]]>
              </value>
            </param>
          </params>
          <reporter-output>
          </reporter-output>
        </test-method> <!-- setup -->
        <test-method signature="vmStartInstallAgent()[pri:0, instance:test_Cases_Class.Vbox_Lounch@7728643a]" started-at="2025-07-04T17:46:38 IST" name="vmStartInstallAgent" finished-at="2025-07-04T17:46:39 IST" duration-ms="136" status="PASS">
          <reporter-output>
          </reporter-output>
        </test-method> <!-- vmStartInstallAgent -->
        <test-method is-config="true" signature="tearDown()[pri:0, instance:test_Cases_Class.Vbox_Lounch@7728643a]" started-at="2025-07-04T17:46:39 IST" name="tearDown" finished-at="2025-07-04T17:46:39 IST" duration-ms="236" status="PASS">
          <reporter-output>
          </reporter-output>
        </test-method> <!-- tearDown -->
      </class> <!-- test_Cases_Class.Vbox_Lounch -->
    </test> <!-- chrome -->
  </suite> <!-- Suite -->
</testng-results>
