<?xml version="1.0" encoding="UTF-8"?>
<!-- Generated by org.testng.reporters.JUnitXMLReporter -->
<testsuite ignored="2" hostname="DESKTOP-DS3F49L" failures="0" tests="2" name="chrome" time="19.28" errors="0" timestamp="2025-07-05T19:05:31 IST">
  <testcase classname="test_Cases_Class.TC01_Login_Class_Page" name="LoginOnCloudConsole" time="4.832"/>
  <testcase classname="test_Cases_Class.TC06_Application_Page" name="applicationpage" time="2.305"/>
  <testcase classname="base_Classes.Base_Page" name="@BeforeTest setup" time="0.0">
    <ignored/>
  </testcase> <!-- @BeforeTest setup -->
  <testcase classname="base_Classes.Base_Page" name="@AfterTest tearDown" time="0.0">
    <ignored/>
  </testcase> <!-- @AfterTest tearDown -->
</testsuite> <!-- chrome -->
